<?xml version="1.0" encoding="UTF-8"?>
<!-- Generated by org.testng.reporters.JUnitReportReporter -->
<testsuite hostname="Thinkpad-PC" name="com.hybrid.framework.test111" tests="1" failures="0" timestamp="22 Sep 2017 13:45:03 GMT" time="0.034" errors="0">
  <testcase name="Add" time="0.034" classname="com.hybrid.framework.test111"/>
</testsuite> <!-- com.hybrid.framework.test111 -->
